<?xml version="1.0" encoding="UTF-8"?>
<testng-results ignored="0" total="1" passed="1" failed="0" skipped="0">
  <reporter-output>
  </reporter-output>
  <suite started-at="2024-03-21T17:14:05 IST" name="Default suite" finished-at="2024-03-21T17:14:17 IST" duration-ms="12276">
    <groups>
    </groups>
    <test started-at="2024-03-21T17:14:05 IST" name="Default test" finished-at="2024-03-21T17:14:17 IST" duration-ms="12276">
      <class name="activity.NavigationTest">
        <test-method is-config="true" signature="beforeMethod()[pri:0, instance:activity.NavigationTest@f6efaab]" started-at="2024-03-21T17:14:05 IST" name="beforeMethod" finished-at="2024-03-21T17:14:12 IST" duration-ms="6734" status="PASS">
          <reporter-output>
          </reporter-output>
        </test-method> <!-- beforeMethod -->
        <test-method signature="navigateToAUrl()[pri:0, instance:activity.NavigationTest@f6efaab]" started-at="2024-03-21T17:14:12 IST" name="navigateToAUrl" finished-at="2024-03-21T17:14:16 IST" duration-ms="4784" status="PASS">
          <reporter-output>
          </reporter-output>
        </test-method> <!-- navigateToAUrl -->
        <test-method is-config="true" signature="afterMethod()[pri:0, instance:activity.NavigationTest@f6efaab]" started-at="2024-03-21T17:14:16 IST" name="afterMethod" finished-at="2024-03-21T17:14:17 IST" duration-ms="731" status="PASS">
          <reporter-output>
          </reporter-output>
        </test-method> <!-- afterMethod -->
      </class> <!-- activity.NavigationTest -->
    </test> <!-- Default test -->
  </suite> <!-- Default suite -->
</testng-results>
