<?xml version="1.0" encoding="UTF-8"?>
<testng-results ignored="0" total="1" passed="1" failed="0" skipped="0">
  <reporter-output>
  </reporter-output>
  <suite started-at="2024-03-21T14:54:03 IST" name="Default suite" finished-at="2024-03-21T14:54:58 IST" duration-ms="54878">
    <groups>
    </groups>
    <test started-at="2024-03-21T14:54:03 IST" name="Default test" finished-at="2024-03-21T14:54:58 IST" duration-ms="54878">
      <class name="activity.NavigationTest">
        <test-method is-config="true" signature="beforeMethod()[pri:0, instance:activity.NavigationTest@f6efaab]" started-at="2024-03-21T14:54:03 IST" name="beforeMethod" finished-at="2024-03-21T14:54:10 IST" duration-ms="6216" status="PASS">
          <reporter-output>
          </reporter-output>
        </test-method> <!-- beforeMethod -->
        <test-method signature="navigateToAUrl()[pri:0, instance:activity.NavigationTest@f6efaab]" started-at="2024-03-21T14:54:10 IST" name="navigateToAUrl" finished-at="2024-03-21T14:54:58 IST" duration-ms="48507" status="PASS">
          <reporter-output>
          </reporter-output>
        </test-method> <!-- navigateToAUrl -->
        <test-method is-config="true" signature="afterMethod()[pri:0, instance:activity.NavigationTest@f6efaab]" started-at="2024-03-21T14:54:58 IST" name="afterMethod" finished-at="2024-03-21T14:54:58 IST" duration-ms="126" status="PASS">
          <reporter-output>
          </reporter-output>
        </test-method> <!-- afterMethod -->
      </class> <!-- activity.NavigationTest -->
    </test> <!-- Default test -->
  </suite> <!-- Default suite -->
</testng-results>
